  Enemy.cpp
  EnemyState.cpp
  Export.cpp
  TestPlay.cpp
  FbxLoader.cpp
  FbxUtility.cpp
  Main.cpp
  Player.cpp
c:\users\kim eungjae\documents\kakaodown\sga_1810\before 048_\homework_0021_dx11_animation\modeleditor\player\player.h(143): warning C4244: '=': 'double'에서 'FLOAT'(으)로 변환하면서 데이터가 손실될 수 있습니다. (소스 파일 컴파일 중 Executes\TestPlay.cpp)
c:\users\kim eungjae\documents\kakaodown\sga_1810\before 048_\homework_0021_dx11_animation\modeleditor\player\player.h(144): warning C4244: '=': 'double'에서 'FLOAT'(으)로 변환하면서 데이터가 손실될 수 있습니다. (소스 파일 컴파일 중 Executes\TestPlay.cpp)
c:\users\kim eungjae\documents\kakaodown\sga_1810\before 048_\homework_0021_dx11_animation\modeleditor\player\player.h(145): warning C4244: '=': 'double'에서 'FLOAT'(으)로 변환하면서 데이터가 손실될 수 있습니다. (소스 파일 컴파일 중 Executes\TestPlay.cpp)
c:\users\kim eungjae\documents\kakaodown\sga_1810\before 048_\homework_0021_dx11_animation\modeleditor\player\player.h(143): warning C4244: '=': 'double'에서 'FLOAT'(으)로 변환하면서 데이터가 손실될 수 있습니다. (소스 파일 컴파일 중 Player\Player.cpp)
c:\users\kim eungjae\documents\kakaodown\sga_1810\before 048_\homework_0021_dx11_animation\modeleditor\player\player.h(144): warning C4244: '=': 'double'에서 'FLOAT'(으)로 변환하면서 데이터가 손실될 수 있습니다. (소스 파일 컴파일 중 Player\Player.cpp)
c:\users\kim eungjae\documents\kakaodown\sga_1810\before 048_\homework_0021_dx11_animation\modeleditor\player\player.h(145): warning C4244: '=': 'double'에서 'FLOAT'(으)로 변환하면서 데이터가 손실될 수 있습니다. (소스 파일 컴파일 중 Player\Player.cpp)
c:\users\kim eungjae\documents\kakaodown\sga_1810\before 048_\homework_0021_dx11_animation\modeleditor\executes\testplay.cpp(119): warning C4018: '<': signed 또는 unsigned가 일치하지 않습니다.
c:\users\kim eungjae\documents\kakaodown\sga_1810\before 048_\homework_0021_dx11_animation\modeleditor\executes\testplay.cpp(258): warning C4553: '==': 의미 없는 연산자입니다. '='을(를) 사용하려고 했습니까?
c:\users\kim eungjae\documents\kakaodown\sga_1810\before 048_\homework_0021_dx11_animation\modeleditor\executes\testplay.cpp(276): warning C4553: '==': 의미 없는 연산자입니다. '='을(를) 사용하려고 했습니까?
c:\users\kim eungjae\documents\kakaodown\sga_1810\before 048_\homework_0021_dx11_animation\modeleditor\player\player.h(143): warning C4244: '=': 'double'에서 'FLOAT'(으)로 변환하면서 데이터가 손실될 수 있습니다. (소스 파일 컴파일 중 Enemy\Enemy.cpp)
c:\users\kim eungjae\documents\kakaodown\sga_1810\before 048_\homework_0021_dx11_animation\modeleditor\player\player.h(144): warning C4244: '=': 'double'에서 'FLOAT'(으)로 변환하면서 데이터가 손실될 수 있습니다. (소스 파일 컴파일 중 Enemy\Enemy.cpp)
c:\users\kim eungjae\documents\kakaodown\sga_1810\before 048_\homework_0021_dx11_animation\modeleditor\player\player.h(145): warning C4244: '=': 'double'에서 'FLOAT'(으)로 변환하면서 데이터가 손실될 수 있습니다. (소스 파일 컴파일 중 Enemy\Enemy.cpp)
  PlayerState.cpp
c:\users\kim eungjae\documents\kakaodown\sga_1810\before 048_\homework_0021_dx11_animation\modeleditor\player\player.h(143): warning C4244: '=': 'double'에서 'FLOAT'(으)로 변환하면서 데이터가 손실될 수 있습니다. (소스 파일 컴파일 중 Player\PlayerState.cpp)
c:\users\kim eungjae\documents\kakaodown\sga_1810\before 048_\homework_0021_dx11_animation\modeleditor\player\player.h(144): warning C4244: '=': 'double'에서 'FLOAT'(으)로 변환하면서 데이터가 손실될 수 있습니다. (소스 파일 컴파일 중 Player\PlayerState.cpp)
c:\users\kim eungjae\documents\kakaodown\sga_1810\before 048_\homework_0021_dx11_animation\modeleditor\player\player.h(145): warning C4244: '=': 'double'에서 'FLOAT'(으)로 변환하면서 데이터가 손실될 수 있습니다. (소스 파일 컴파일 중 Player\PlayerState.cpp)
  ModelEditor.vcxproj -> C:\Users\Kim eungjae\Documents\kakaoDown\SGA_1810\Before 048_\HomeWork_0021_Dx11_Animation\Debug\ModelEditor.exe
  ModelEditor.vcxproj -> C:\Users\Kim eungjae\Documents\kakaoDown\SGA_1810\Before 048_\HomeWork_0021_Dx11_Animation\Debug\ModelEditor.pdb (Full PDB)
